{"total": {"lines":{"total":5154,"covered":672,"skipped":0,"pct":13.03},"statements":{"total":5790,"covered":733,"skipped":0,"pct":12.65},"functions":{"total":2678,"covered":286,"skipped":0,"pct":10.67},"branches":{"total":4154,"covered":530,"skipped":0,"pct":12.75},"branchesTrue":{"total":0,"covered":0,"skipped":0,"pct":100}}
,"/app/src/components/auth/AuthShell.tsx": {"lines":{"total":6,"covered":0,"skipped":0,"pct":0},"functions":{"total":3,"covered":0,"skipped":0,"pct":0},"statements":{"total":6,"covered":0,"skipped":0,"pct":0},"branches":{"total":35,"covered":0,"skipped":0,"pct":0}}
,"/app/src/components/auth/ProtectedRoute.tsx": {"lines":{"total":27,"covered":0,"skipped":0,"pct":0},"functions":{"total":1,"covered":0,"skipped":0,"pct":0},"statements":{"total":27,"covered":0,"skipped":0,"pct":0},"branches":{"total":42,"covered":0,"skipped":0,"pct":0}}
,"/app/src/components/layouts/CTLayout.tsx": {"lines":{"total":7,"covered":0,"skipped":0,"pct":0},"functions":{"total":2,"covered":0,"skipped":0,"pct":0},"statements":{"total":7,"covered":0,"skipped":0,"pct":0},"branches":{"total":2,"covered":0,"skipped":0,"pct":0}}
,"/app/src/components/layouts/EmployeeLayout.tsx": {"lines":{"total":7,"covered":0,"skipped":0,"pct":0},"functions":{"total":2,"covered":0,"skipped":0,"pct":0},"statements":{"total":7,"covered":0,"skipped":0,"pct":0},"branches":{"total":10,"covered":0,"skipped":0,"pct":0}}
,"/app/src/components/layouts/OrgLayout.tsx": {"lines":{"total":7,"covered":0,"skipped":0,"pct":0},"functions":{"total":2,"covered":0,"skipped":0,"pct":0},"statements":{"total":7,"covered":0,"skipped":0,"pct":0},"branches":{"total":8,"covered":0,"skipped":0,"pct":0}}
,"/app/src/components/layouts/SidebarNav.tsx": {"lines":{"total":11,"covered":0,"skipped":0,"pct":0},"functions":{"total":9,"covered":0,"skipped":0,"pct":0},"statements":{"total":12,"covered":0,"skipped":0,"pct":0},"branches":{"total":16,"covered":0,"skipped":0,"pct":0}}
,"/app/src/components/layouts/WorkspaceSwitcher.tsx": {"lines":{"total":25,"covered":0,"skipped":0,"pct":0},"functions":{"total":10,"covered":0,"skipped":0,"pct":0},"statements":{"total":27,"covered":0,"skipped":0,"pct":0},"branches":{"total":39,"covered":0,"skipped":0,"pct":0}}
,"/app/src/components/org/OrgSetupBanner.tsx": {"lines":{"total":20,"covered":0,"skipped":0,"pct":0},"functions":{"total":8,"covered":0,"skipped":0,"pct":0},"statements":{"total":22,"covered":0,"skipped":0,"pct":0},"branches":{"total":10,"covered":0,"skipped":0,"pct":0}}
,"/app/src/components/ui/AppCheckbox.tsx": {"lines":{"total":5,"covered":4,"skipped":0,"pct":80},"functions":{"total":2,"covered":2,"skipped":0,"pct":100},"statements":{"total":5,"covered":4,"skipped":0,"pct":80},"branches":{"total":10,"covered":6,"skipped":0,"pct":60}}
,"/app/src/components/ui/AppDatePicker.tsx": {"lines":{"total":10,"covered":6,"skipped":0,"pct":60},"functions":{"total":3,"covered":2,"skipped":0,"pct":66.66},"statements":{"total":12,"covered":7,"skipped":0,"pct":58.33},"branches":{"total":9,"covered":7,"skipped":0,"pct":77.77}}
,"/app/src/components/ui/AppDateTimePicker.tsx": {"lines":{"total":18,"covered":0,"skipped":0,"pct":0},"functions":{"total":5,"covered":0,"skipped":0,"pct":0},"statements":{"total":20,"covered":0,"skipped":0,"pct":0},"branches":{"total":23,"covered":0,"skipped":0,"pct":0}}
,"/app/src/components/ui/AppDialog.tsx": {"lines":{"total":1,"covered":1,"skipped":0,"pct":100},"functions":{"total":1,"covered":1,"skipped":0,"pct":100},"statements":{"total":1,"covered":1,"skipped":0,"pct":100},"branches":{"total":6,"covered":5,"skipped":0,"pct":83.33}}
,"/app/src/components/ui/AppErrorBoundary.tsx": {"lines":{"total":12,"covered":0,"skipped":0,"pct":0},"functions":{"total":5,"covered":0,"skipped":0,"pct":0},"statements":{"total":12,"covered":0,"skipped":0,"pct":0},"branches":{"total":17,"covered":0,"skipped":0,"pct":0}}
,"/app/src/components/ui/AppSelect.tsx": {"lines":{"total":20,"covered":16,"skipped":0,"pct":80},"functions":{"total":8,"covered":6,"skipped":0,"pct":75},"statements":{"total":22,"covered":18,"skipped":0,"pct":81.81},"branches":{"total":36,"covered":24,"skipped":0,"pct":66.66}}
,"/app/src/components/ui/ApprovalDecisionDialog.tsx": {"lines":{"total":21,"covered":7,"skipped":0,"pct":33.33},"functions":{"total":4,"covered":1,"skipped":0,"pct":25},"statements":{"total":21,"covered":7,"skipped":0,"pct":33.33},"branches":{"total":21,"covered":14,"skipped":0,"pct":66.66}}
,"/app/src/components/ui/AuditTimeline.tsx": {"lines":{"total":7,"covered":0,"skipped":0,"pct":0},"functions":{"total":5,"covered":0,"skipped":0,"pct":0},"statements":{"total":7,"covered":0,"skipped":0,"pct":0},"branches":{"total":23,"covered":0,"skipped":0,"pct":0}}
,"/app/src/components/ui/ConfirmDialog.tsx": {"lines":{"total":20,"covered":18,"skipped":0,"pct":90},"functions":{"total":7,"covered":6,"skipped":0,"pct":85.71},"statements":{"total":20,"covered":18,"skipped":0,"pct":90},"branches":{"total":13,"covered":10,"skipped":0,"pct":76.92}}
,"/app/src/components/ui/EmptyState.tsx": {"lines":{"total":1,"covered":1,"skipped":0,"pct":100},"functions":{"total":1,"covered":1,"skipped":0,"pct":100},"statements":{"total":1,"covered":1,"skipped":0,"pct":100},"branches":{"total":4,"covered":4,"skipped":0,"pct":100}}
,"/app/src/components/ui/FieldErrorText.tsx": {"lines":{"total":2,"covered":1,"skipped":0,"pct":50},"functions":{"total":1,"covered":1,"skipped":0,"pct":100},"statements":{"total":3,"covered":2,"skipped":0,"pct":66.66},"branches":{"total":2,"covered":1,"skipped":0,"pct":50}}
,"/app/src/components/ui/LoadingScreen.tsx": {"lines":{"total":1,"covered":0,"skipped":0,"pct":0},"functions":{"total":1,"covered":0,"skipped":0,"pct":0},"statements":{"total":1,"covered":0,"skipped":0,"pct":0},"branches":{"total":1,"covered":0,"skipped":0,"pct":0}}
,"/app/src/components/ui/MetricCard.tsx": {"lines":{"total":2,"covered":2,"skipped":0,"pct":100},"functions":{"total":1,"covered":1,"skipped":0,"pct":100},"statements":{"total":2,"covered":2,"skipped":0,"pct":100},"branches":{"total":5,"covered":4,"skipped":0,"pct":80}}
,"/app/src/components/ui/MonthCalendar.tsx": {"lines":{"total":12,"covered":12,"skipped":0,"pct":100},"functions":{"total":6,"covered":6,"skipped":0,"pct":100},"statements":{"total":13,"covered":13,"skipped":0,"pct":100},"branches":{"total":4,"covered":3,"skipped":0,"pct":75}}
,"/app/src/components/ui/NotificationBell.tsx": {"lines":{"total":15,"covered":11,"skipped":0,"pct":73.33},"functions":{"total":3,"covered":2,"skipped":0,"pct":66.66},"statements":{"total":15,"covered":11,"skipped":0,"pct":73.33},"branches":{"total":18,"covered":8,"skipped":0,"pct":44.44}}
,"/app/src/components/ui/NotificationPanel.tsx": {"lines":{"total":9,"covered":7,"skipped":0,"pct":77.77},"functions":{"total":5,"covered":4,"skipped":0,"pct":80},"statements":{"total":9,"covered":7,"skipped":0,"pct":77.77},"branches":{"total":25,"covered":15,"skipped":0,"pct":60}}
,"/app/src/components/ui/PageHeader.tsx": {"lines":{"total":1,"covered":1,"skipped":0,"pct":100},"functions":{"total":1,"covered":1,"skipped":0,"pct":100},"statements":{"total":1,"covered":1,"skipped":0,"pct":100},"branches":{"total":6,"covered":4,"skipped":0,"pct":66.66}}
,"/app/src/components/ui/SectionCard.tsx": {"lines":{"total":1,"covered":1,"skipped":0,"pct":100},"functions":{"total":1,"covered":1,"skipped":0,"pct":100},"statements":{"total":1,"covered":1,"skipped":0,"pct":100},"branches":{"total":4,"covered":3,"skipped":0,"pct":75}}
,"/app/src/components/ui/Skeleton.tsx": {"lines":{"total":7,"covered":4,"skipped":0,"pct":57.14},"functions":{"total":7,"covered":4,"skipped":0,"pct":57.14},"statements":{"total":7,"covered":4,"skipped":0,"pct":57.14},"branches":{"total":2,"covered":1,"skipped":0,"pct":50}}
,"/app/src/components/ui/StatusBadge.tsx": {"lines":{"total":2,"covered":2,"skipped":0,"pct":100},"functions":{"total":1,"covered":1,"skipped":0,"pct":100},"statements":{"total":2,"covered":2,"skipped":0,"pct":100},"branches":{"total":1,"covered":1,"skipped":0,"pct":100}}
,"/app/src/components/ui/ThemeToggle.tsx": {"lines":{"total":9,"covered":0,"skipped":0,"pct":0},"functions":{"total":3,"covered":0,"skipped":0,"pct":0},"statements":{"total":9,"covered":0,"skipped":0,"pct":0},"branches":{"total":4,"covered":0,"skipped":0,"pct":0}}
,"/app/src/context/AuthContext.tsx": {"lines":{"total":43,"covered":0,"skipped":0,"pct":0},"functions":{"total":10,"covered":0,"skipped":0,"pct":0},"statements":{"total":44,"covered":0,"skipped":0,"pct":0},"branches":{"total":2,"covered":0,"skipped":0,"pct":0}}
,"/app/src/context/ThemeContext.tsx": {"lines":{"total":26,"covered":0,"skipped":0,"pct":0},"functions":{"total":10,"covered":0,"skipped":0,"pct":0},"statements":{"total":30,"covered":0,"skipped":0,"pct":0},"branches":{"total":13,"covered":0,"skipped":0,"pct":0}}
,"/app/src/context/auth-context.ts": {"lines":{"total":1,"covered":0,"skipped":0,"pct":0},"functions":{"total":0,"covered":0,"skipped":0,"pct":100},"statements":{"total":1,"covered":0,"skipped":0,"pct":0},"branches":{"total":0,"covered":0,"skipped":0,"pct":100}}
,"/app/src/context/theme-context.ts": {"lines":{"total":1,"covered":0,"skipped":0,"pct":0},"functions":{"total":0,"covered":0,"skipped":0,"pct":100},"statements":{"total":1,"covered":0,"skipped":0,"pct":0},"branches":{"total":0,"covered":0,"skipped":0,"pct":100}}
,"/app/src/hooks/useAuth.ts": {"lines":{"total":3,"covered":0,"skipped":0,"pct":0},"functions":{"total":1,"covered":0,"skipped":0,"pct":0},"statements":{"total":4,"covered":0,"skipped":0,"pct":0},"branches":{"total":2,"covered":0,"skipped":0,"pct":0}}
,"/app/src/hooks/useCtOrganisations.ts": {"lines":{"total":210,"covered":0,"skipped":0,"pct":0},"functions":{"total":146,"covered":0,"skipped":0,"pct":0},"statements":{"total":210,"covered":0,"skipped":0,"pct":0},"branches":{"total":34,"covered":0,"skipped":0,"pct":0}}
,"/app/src/hooks/useEmployeeSelf.ts": {"lines":{"total":147,"covered":0,"skipped":0,"pct":0},"functions":{"total":93,"covered":0,"skipped":0,"pct":0},"statements":{"total":147,"covered":0,"skipped":0,"pct":0},"branches":{"total":2,"covered":0,"skipped":0,"pct":0}}
,"/app/src/hooks/useNotifications.ts": {"lines":{"total":10,"covered":0,"skipped":0,"pct":0},"functions":{"total":6,"covered":0,"skipped":0,"pct":0},"statements":{"total":10,"covered":0,"skipped":0,"pct":0},"branches":{"total":0,"covered":0,"skipped":0,"pct":100}}
,"/app/src/hooks/useOrgAdmin.ts": {"lines":{"total":304,"covered":0,"skipped":0,"pct":0},"functions":{"total":202,"covered":0,"skipped":0,"pct":0},"statements":{"total":304,"covered":0,"skipped":0,"pct":0},"branches":{"total":27,"covered":0,"skipped":0,"pct":0}}
,"/app/src/hooks/useTheme.ts": {"lines":{"total":4,"covered":0,"skipped":0,"pct":0},"functions":{"total":1,"covered":0,"skipped":0,"pct":0},"statements":{"total":4,"covered":0,"skipped":0,"pct":0},"branches":{"total":2,"covered":0,"skipped":0,"pct":0}}
,"/app/src/lib/addressMetadata.ts": {"lines":{"total":67,"covered":0,"skipped":0,"pct":0},"functions":{"total":21,"covered":0,"skipped":0,"pct":0},"statements":{"total":76,"covered":0,"skipped":0,"pct":0},"branches":{"total":91,"covered":0,"skipped":0,"pct":0}}
,"/app/src/lib/api.ts": {"lines":{"total":27,"covered":5,"skipped":0,"pct":18.51},"functions":{"total":7,"covered":0,"skipped":0,"pct":0},"statements":{"total":28,"covered":5,"skipped":0,"pct":17.85},"branches":{"total":22,"covered":1,"skipped":0,"pct":4.54}}
,"/app/src/lib/constants.ts": {"lines":{"total":23,"covered":19,"skipped":0,"pct":82.6},"functions":{"total":6,"covered":2,"skipped":0,"pct":33.33},"statements":{"total":23,"covered":19,"skipped":0,"pct":82.6},"branches":{"total":0,"covered":0,"skipped":0,"pct":100}}
,"/app/src/lib/errors.ts": {"lines":{"total":38,"covered":4,"skipped":0,"pct":10.52},"functions":{"total":5,"covered":2,"skipped":0,"pct":40},"statements":{"total":46,"covered":6,"skipped":0,"pct":13.04},"branches":{"total":46,"covered":7,"skipped":0,"pct":15.21}}
,"/app/src/lib/format.ts": {"lines":{"total":7,"covered":7,"skipped":0,"pct":100},"functions":{"total":4,"covered":4,"skipped":0,"pct":100},"statements":{"total":10,"covered":7,"skipped":0,"pct":70},"branches":{"total":6,"covered":3,"skipped":0,"pct":50}}
,"/app/src/lib/orgSetup.ts": {"lines":{"total":14,"covered":0,"skipped":0,"pct":0},"functions":{"total":8,"covered":0,"skipped":0,"pct":0},"statements":{"total":17,"covered":0,"skipped":0,"pct":0},"branches":{"total":10,"covered":0,"skipped":0,"pct":0}}
,"/app/src/lib/organisationMetadata.ts": {"lines":{"total":38,"covered":0,"skipped":0,"pct":0},"functions":{"total":12,"covered":0,"skipped":0,"pct":0},"statements":{"total":43,"covered":0,"skipped":0,"pct":0},"branches":{"total":24,"covered":0,"skipped":0,"pct":0}}
,"/app/src/lib/rbac.ts": {"lines":{"total":11,"covered":0,"skipped":0,"pct":0},"functions":{"total":4,"covered":0,"skipped":0,"pct":0},"statements":{"total":12,"covered":0,"skipped":0,"pct":0},"branches":{"total":10,"covered":0,"skipped":0,"pct":0}}
,"/app/src/lib/status.ts": {"lines":{"total":62,"covered":14,"skipped":0,"pct":22.58},"functions":{"total":13,"covered":6,"skipped":0,"pct":46.15},"statements":{"total":62,"covered":14,"skipped":0,"pct":22.58},"branches":{"total":76,"covered":10,"skipped":0,"pct":13.15}}
,"/app/src/lib/utils.ts": {"lines":{"total":1,"covered":1,"skipped":0,"pct":100},"functions":{"total":1,"covered":1,"skipped":0,"pct":100},"statements":{"total":1,"covered":1,"skipped":0,"pct":100},"branches":{"total":0,"covered":0,"skipped":0,"pct":100}}
,"/app/src/lib/api/audit.ts": {"lines":{"total":5,"covered":0,"skipped":0,"pct":0},"functions":{"total":2,"covered":0,"skipped":0,"pct":0},"statements":{"total":5,"covered":0,"skipped":0,"pct":0},"branches":{"total":2,"covered":0,"skipped":0,"pct":0}}
,"/app/src/lib/api/auth.ts": {"lines":{"total":14,"covered":0,"skipped":0,"pct":0},"functions":{"total":7,"covered":0,"skipped":0,"pct":0},"statements":{"total":14,"covered":0,"skipped":0,"pct":0},"branches":{"total":0,"covered":0,"skipped":0,"pct":100}}
,"/app/src/lib/api/invitations.ts": {"lines":{"total":4,"covered":0,"skipped":0,"pct":0},"functions":{"total":2,"covered":0,"skipped":0,"pct":0},"statements":{"total":4,"covered":0,"skipped":0,"pct":0},"branches":{"total":0,"covered":0,"skipped":0,"pct":100}}
,"/app/src/lib/api/notifications.ts": {"lines":{"total":6,"covered":0,"skipped":0,"pct":0},"functions":{"total":3,"covered":0,"skipped":0,"pct":0},"statements":{"total":6,"covered":0,"skipped":0,"pct":0},"branches":{"total":0,"covered":0,"skipped":0,"pct":100}}
,"/app/src/lib/api/org-admin.ts": {"lines":{"total":207,"covered":0,"skipped":0,"pct":0},"functions":{"total":101,"covered":0,"skipped":0,"pct":0},"statements":{"total":207,"covered":0,"skipped":0,"pct":0},"branches":{"total":22,"covered":0,"skipped":0,"pct":0}}
,"/app/src/lib/api/organisations.ts": {"lines":{"total":109,"covered":0,"skipped":0,"pct":0},"functions":{"total":55,"covered":0,"skipped":0,"pct":0},"statements":{"total":109,"covered":0,"skipped":0,"pct":0},"branches":{"total":8,"covered":0,"skipped":0,"pct":0}}
,"/app/src/lib/api/performance.ts": {"lines":{"total":16,"covered":0,"skipped":0,"pct":0},"functions":{"total":8,"covered":0,"skipped":0,"pct":0},"statements":{"total":16,"covered":0,"skipped":0,"pct":0},"branches":{"total":0,"covered":0,"skipped":0,"pct":100}}
,"/app/src/lib/api/recruitment.ts": {"lines":{"total":16,"covered":0,"skipped":0,"pct":0},"functions":{"total":8,"covered":0,"skipped":0,"pct":0},"statements":{"total":16,"covered":0,"skipped":0,"pct":0},"branches":{"total":2,"covered":0,"skipped":0,"pct":0}}
,"/app/src/lib/api/self-service.ts": {"lines":{"total":115,"covered":0,"skipped":0,"pct":0},"functions":{"total":55,"covered":0,"skipped":0,"pct":0},"statements":{"total":117,"covered":0,"skipped":0,"pct":0},"branches":{"total":24,"covered":0,"skipped":0,"pct":0}}
,"/app/src/pages/auth/ControlTowerLoginPage.tsx": {"lines":{"total":23,"covered":0,"skipped":0,"pct":0},"functions":{"total":4,"covered":0,"skipped":0,"pct":0},"statements":{"total":23,"covered":0,"skipped":0,"pct":0},"branches":{"total":6,"covered":0,"skipped":0,"pct":0}}
,"/app/src/pages/auth/ControlTowerRequestPasswordResetPage.tsx": {"lines":{"total":12,"covered":0,"skipped":0,"pct":0},"functions":{"total":3,"covered":0,"skipped":0,"pct":0},"statements":{"total":12,"covered":0,"skipped":0,"pct":0},"branches":{"total":8,"covered":0,"skipped":0,"pct":0}}
,"/app/src/pages/auth/InviteAcceptPage.tsx": {"lines":{"total":51,"covered":0,"skipped":0,"pct":0},"functions":{"total":10,"covered":0,"skipped":0,"pct":0},"statements":{"total":53,"covered":0,"skipped":0,"pct":0},"branches":{"total":38,"covered":0,"skipped":0,"pct":0}}
,"/app/src/pages/auth/LoginPage.tsx": {"lines":{"total":24,"covered":0,"skipped":0,"pct":0},"functions":{"total":4,"covered":0,"skipped":0,"pct":0},"statements":{"total":24,"covered":0,"skipped":0,"pct":0},"branches":{"total":6,"covered":0,"skipped":0,"pct":0}}
,"/app/src/pages/auth/RequestPasswordResetPage.tsx": {"lines":{"total":12,"covered":0,"skipped":0,"pct":0},"functions":{"total":3,"covered":0,"skipped":0,"pct":0},"statements":{"total":12,"covered":0,"skipped":0,"pct":0},"branches":{"total":8,"covered":0,"skipped":0,"pct":0}}
,"/app/src/pages/auth/ResetPasswordPage.tsx": {"lines":{"total":49,"covered":0,"skipped":0,"pct":0},"functions":{"total":8,"covered":0,"skipped":0,"pct":0},"statements":{"total":50,"covered":0,"skipped":0,"pct":0},"branches":{"total":26,"covered":0,"skipped":0,"pct":0}}
,"/app/src/pages/ct/CtOrgPayrollPage.tsx": {"lines":{"total":17,"covered":0,"skipped":0,"pct":0},"functions":{"total":8,"covered":0,"skipped":0,"pct":0},"statements":{"total":20,"covered":0,"skipped":0,"pct":0},"branches":{"total":34,"covered":0,"skipped":0,"pct":0}}
,"/app/src/pages/ct/DashboardPage.tsx": {"lines":{"total":5,"covered":4,"skipped":0,"pct":80},"functions":{"total":3,"covered":2,"skipped":0,"pct":66.66},"statements":{"total":5,"covered":4,"skipped":0,"pct":80},"branches":{"total":6,"covered":4,"skipped":0,"pct":66.66}}
,"/app/src/pages/ct/FirstLicenceBatchPage.tsx": {"lines":{"total":56,"covered":0,"skipped":0,"pct":0},"functions":{"total":22,"covered":0,"skipped":0,"pct":0},"statements":{"total":63,"covered":0,"skipped":0,"pct":0},"branches":{"total":53,"covered":0,"skipped":0,"pct":0}}
,"/app/src/pages/ct/NewOrganisationPage.tsx": {"lines":{"total":94,"covered":0,"skipped":0,"pct":0},"functions":{"total":35,"covered":0,"skipped":0,"pct":0},"statements":{"total":104,"covered":0,"skipped":0,"pct":0},"branches":{"total":79,"covered":0,"skipped":0,"pct":0}}
,"/app/src/pages/ct/OrganisationDetailPage.tsx": {"lines":{"total":787,"covered":0,"skipped":0,"pct":0},"functions":{"total":416,"covered":0,"skipped":0,"pct":0},"statements":{"total":912,"covered":0,"skipped":0,"pct":0},"branches":{"total":742,"covered":0,"skipped":0,"pct":0}}
,"/app/src/pages/ct/OrganisationsPage.tsx": {"lines":{"total":14,"covered":0,"skipped":0,"pct":0},"functions":{"total":9,"covered":0,"skipped":0,"pct":0},"statements":{"total":16,"covered":0,"skipped":0,"pct":0},"branches":{"total":19,"covered":0,"skipped":0,"pct":0}}
,"/app/src/pages/ct/PayrollMastersPage.tsx": {"lines":{"total":20,"covered":0,"skipped":0,"pct":0},"functions":{"total":15,"covered":0,"skipped":0,"pct":0},"statements":{"total":26,"covered":0,"skipped":0,"pct":0},"branches":{"total":4,"covered":0,"skipped":0,"pct":0}}
,"/app/src/pages/employee/ApprovalsPage.tsx": {"lines":{"total":15,"covered":0,"skipped":0,"pct":0},"functions":{"total":6,"covered":0,"skipped":0,"pct":0},"statements":{"total":15,"covered":0,"skipped":0,"pct":0},"branches":{"total":6,"covered":0,"skipped":0,"pct":0}}
,"/app/src/pages/employee/AttendancePage.tsx": {"lines":{"total":55,"covered":26,"skipped":0,"pct":47.27},"functions":{"total":25,"covered":8,"skipped":0,"pct":32},"statements":{"total":62,"covered":26,"skipped":0,"pct":41.93},"branches":{"total":54,"covered":21,"skipped":0,"pct":38.88}}
,"/app/src/pages/employee/DashboardPage.tsx": {"lines":{"total":12,"covered":10,"skipped":0,"pct":83.33},"functions":{"total":9,"covered":7,"skipped":0,"pct":77.77},"statements":{"total":12,"covered":10,"skipped":0,"pct":83.33},"branches":{"total":20,"covered":12,"skipped":0,"pct":60}}
,"/app/src/pages/employee/DocumentsPage.tsx": {"lines":{"total":50,"covered":0,"skipped":0,"pct":0},"functions":{"total":18,"covered":0,"skipped":0,"pct":0},"statements":{"total":55,"covered":0,"skipped":0,"pct":0},"branches":{"total":38,"covered":0,"skipped":0,"pct":0}}
,"/app/src/pages/employee/EducationPage.tsx": {"lines":{"total":38,"covered":0,"skipped":0,"pct":0},"functions":{"total":14,"covered":0,"skipped":0,"pct":0},"statements":{"total":42,"covered":0,"skipped":0,"pct":0},"branches":{"total":40,"covered":0,"skipped":0,"pct":0}}
,"/app/src/pages/employee/LeavePage.tsx": {"lines":{"total":55,"covered":26,"skipped":0,"pct":47.27},"functions":{"total":25,"covered":11,"skipped":0,"pct":44},"statements":{"total":66,"covered":28,"skipped":0,"pct":42.42},"branches":{"total":46,"covered":15,"skipped":0,"pct":32.6}}
,"/app/src/pages/employee/OnDutyPage.tsx": {"lines":{"total":33,"covered":0,"skipped":0,"pct":0},"functions":{"total":22,"covered":0,"skipped":0,"pct":0},"statements":{"total":41,"covered":0,"skipped":0,"pct":0},"branches":{"total":20,"covered":0,"skipped":0,"pct":0}}
,"/app/src/pages/employee/OnboardingPage.tsx": {"lines":{"total":106,"covered":0,"skipped":0,"pct":0},"functions":{"total":64,"covered":0,"skipped":0,"pct":0},"statements":{"total":132,"covered":0,"skipped":0,"pct":0},"branches":{"total":98,"covered":0,"skipped":0,"pct":0}}
,"/app/src/pages/employee/PayslipsPage.tsx": {"lines":{"total":29,"covered":0,"skipped":0,"pct":0},"functions":{"total":11,"covered":0,"skipped":0,"pct":0},"statements":{"total":31,"covered":0,"skipped":0,"pct":0},"branches":{"total":55,"covered":0,"skipped":0,"pct":0}}
,"/app/src/pages/employee/PerformancePage.tsx": {"lines":{"total":32,"covered":29,"skipped":0,"pct":90.62},"functions":{"total":19,"covered":17,"skipped":0,"pct":89.47},"statements":{"total":39,"covered":33,"skipped":0,"pct":84.61},"branches":{"total":30,"covered":19,"skipped":0,"pct":63.33}}
,"/app/src/pages/employee/ProfilePage.tsx": {"lines":{"total":86,"covered":0,"skipped":0,"pct":0},"functions":{"total":51,"covered":0,"skipped":0,"pct":0},"statements":{"total":110,"covered":0,"skipped":0,"pct":0},"branches":{"total":120,"covered":0,"skipped":0,"pct":0}}
,"/app/src/pages/org/ApplicationsPage.tsx": {"lines":{"total":24,"covered":22,"skipped":0,"pct":91.66},"functions":{"total":13,"covered":11,"skipped":0,"pct":84.61},"statements":{"total":28,"covered":23,"skipped":0,"pct":82.14},"branches":{"total":20,"covered":15,"skipped":0,"pct":75}}
,"/app/src/pages/org/AppraisalCyclesPage.tsx": {"lines":{"total":23,"covered":0,"skipped":0,"pct":0},"functions":{"total":14,"covered":0,"skipped":0,"pct":0},"statements":{"total":29,"covered":0,"skipped":0,"pct":0},"branches":{"total":12,"covered":0,"skipped":0,"pct":0}}
,"/app/src/pages/org/ApprovalWorkflowBuilderPage.tsx": {"lines":{"total":137,"covered":0,"skipped":0,"pct":0},"functions":{"total":116,"covered":0,"skipped":0,"pct":0},"statements":{"total":173,"covered":0,"skipped":0,"pct":0},"branches":{"total":190,"covered":0,"skipped":0,"pct":0}}
,"/app/src/pages/org/ApprovalWorkflowsPage.tsx": {"lines":{"total":37,"covered":31,"skipped":0,"pct":83.78},"functions":{"total":18,"covered":13,"skipped":0,"pct":72.22},"statements":{"total":39,"covered":33,"skipped":0,"pct":84.61},"branches":{"total":54,"covered":39,"skipped":0,"pct":72.22}}
,"/app/src/pages/org/AttendanceImportsPage.tsx": {"lines":{"total":175,"covered":0,"skipped":0,"pct":0},"functions":{"total":102,"covered":0,"skipped":0,"pct":0},"statements":{"total":213,"covered":0,"skipped":0,"pct":0},"branches":{"total":154,"covered":0,"skipped":0,"pct":0}}
,"/app/src/pages/org/AuditPage.tsx": {"lines":{"total":54,"covered":0,"skipped":0,"pct":0},"functions":{"total":25,"covered":0,"skipped":0,"pct":0},"statements":{"total":61,"covered":0,"skipped":0,"pct":0},"branches":{"total":51,"covered":0,"skipped":0,"pct":0}}
,"/app/src/pages/org/BiometricDevicesPage.tsx": {"lines":{"total":47,"covered":33,"skipped":0,"pct":70.21},"functions":{"total":39,"covered":22,"skipped":0,"pct":56.41},"statements":{"total":61,"covered":40,"skipped":0,"pct":65.57},"branches":{"total":103,"covered":54,"skipped":0,"pct":52.42}}
,"/app/src/pages/org/CandidateDetailPage.tsx": {"lines":{"total":51,"covered":31,"skipped":0,"pct":60.78},"functions":{"total":31,"covered":14,"skipped":0,"pct":45.16},"statements":{"total":58,"covered":34,"skipped":0,"pct":58.62},"branches":{"total":40,"covered":21,"skipped":0,"pct":52.5}}
,"/app/src/pages/org/DashboardPage.tsx": {"lines":{"total":15,"covered":14,"skipped":0,"pct":93.33},"functions":{"total":9,"covered":8,"skipped":0,"pct":88.88},"statements":{"total":16,"covered":15,"skipped":0,"pct":93.75},"branches":{"total":39,"covered":32,"skipped":0,"pct":82.05}}
,"/app/src/pages/org/DepartmentsPage.tsx": {"lines":{"total":62,"covered":55,"skipped":0,"pct":88.7},"functions":{"total":24,"covered":21,"skipped":0,"pct":87.5},"statements":{"total":67,"covered":59,"skipped":0,"pct":88.05},"branches":{"total":55,"covered":40,"skipped":0,"pct":72.72}}
,"/app/src/pages/org/EmployeeDetailPage.tsx": {"lines":{"total":116,"covered":0,"skipped":0,"pct":0},"functions":{"total":66,"covered":0,"skipped":0,"pct":0},"statements":{"total":145,"covered":0,"skipped":0,"pct":0},"branches":{"total":121,"covered":0,"skipped":0,"pct":0}}
,"/app/src/pages/org/EmployeesPage.tsx": {"lines":{"total":56,"covered":38,"skipped":0,"pct":67.85},"functions":{"total":33,"covered":16,"skipped":0,"pct":48.48},"statements":{"total":69,"covered":43,"skipped":0,"pct":62.31},"branches":{"total":46,"covered":31,"skipped":0,"pct":67.39}}
,"/app/src/pages/org/GoalCyclesPage.tsx": {"lines":{"total":22,"covered":17,"skipped":0,"pct":77.27},"functions":{"total":12,"covered":9,"skipped":0,"pct":75},"statements":{"total":27,"covered":20,"skipped":0,"pct":74.07},"branches":{"total":10,"covered":4,"skipped":0,"pct":40}}
,"/app/src/pages/org/HolidaysPage.tsx": {"lines":{"total":62,"covered":38,"skipped":0,"pct":61.29},"functions":{"total":44,"covered":23,"skipped":0,"pct":52.27},"statements":{"total":79,"covered":47,"skipped":0,"pct":59.49},"branches":{"total":38,"covered":14,"skipped":0,"pct":36.84}}
,"/app/src/pages/org/JobPostingsPage.tsx": {"lines":{"total":23,"covered":17,"skipped":0,"pct":73.91},"functions":{"total":12,"covered":9,"skipped":0,"pct":75},"statements":{"total":29,"covered":20,"skipped":0,"pct":68.96},"branches":{"total":16,"covered":4,"skipped":0,"pct":25}}
,"/app/src/pages/org/LeaveCyclesPage.tsx": {"lines":{"total":65,"covered":46,"skipped":0,"pct":70.76},"functions":{"total":26,"covered":16,"skipped":0,"pct":61.53},"statements":{"total":77,"covered":51,"skipped":0,"pct":66.23},"branches":{"total":70,"covered":37,"skipped":0,"pct":52.85}}
,"/app/src/pages/org/LeavePlanBuilderPage.tsx": {"lines":{"total":161,"covered":0,"skipped":0,"pct":0},"functions":{"total":144,"covered":0,"skipped":0,"pct":0},"statements":{"total":208,"covered":0,"skipped":0,"pct":0},"branches":{"total":215,"covered":0,"skipped":0,"pct":0}}
,"/app/src/pages/org/LeavePlansPage.tsx": {"lines":{"total":20,"covered":0,"skipped":0,"pct":0},"functions":{"total":10,"covered":0,"skipped":0,"pct":0},"statements":{"total":23,"covered":0,"skipped":0,"pct":0},"branches":{"total":36,"covered":0,"skipped":0,"pct":0}}
,"/app/src/pages/org/LocationsPage.tsx": {"lines":{"total":46,"covered":0,"skipped":0,"pct":0},"functions":{"total":18,"covered":0,"skipped":0,"pct":0},"statements":{"total":51,"covered":0,"skipped":0,"pct":0},"branches":{"total":34,"covered":0,"skipped":0,"pct":0}}
,"/app/src/pages/org/NoticeEditorPage.tsx": {"lines":{"total":79,"covered":0,"skipped":0,"pct":0},"functions":{"total":40,"covered":0,"skipped":0,"pct":0},"statements":{"total":95,"covered":0,"skipped":0,"pct":0},"branches":{"total":106,"covered":0,"skipped":0,"pct":0}}
,"/app/src/pages/org/NoticesPage.tsx": {"lines":{"total":35,"covered":0,"skipped":0,"pct":0},"functions":{"total":13,"covered":0,"skipped":0,"pct":0},"statements":{"total":38,"covered":0,"skipped":0,"pct":0},"branches":{"total":61,"covered":0,"skipped":0,"pct":0}}
,"/app/src/pages/org/OnDutyPoliciesPage.tsx": {"lines":{"total":19,"covered":0,"skipped":0,"pct":0},"functions":{"total":8,"covered":0,"skipped":0,"pct":0},"statements":{"total":22,"covered":0,"skipped":0,"pct":0},"branches":{"total":48,"covered":0,"skipped":0,"pct":0}}
,"/app/src/pages/org/OnDutyPolicyBuilderPage.tsx": {"lines":{"total":54,"covered":0,"skipped":0,"pct":0},"functions":{"total":27,"covered":0,"skipped":0,"pct":0},"statements":{"total":66,"covered":0,"skipped":0,"pct":0},"branches":{"total":66,"covered":0,"skipped":0,"pct":0}}
,"/app/src/pages/org/PayrollPage.tsx": {"lines":{"total":121,"covered":44,"skipped":0,"pct":36.36},"functions":{"total":64,"covered":12,"skipped":0,"pct":18.75},"statements":{"total":141,"covered":48,"skipped":0,"pct":34.04},"branches":{"total":64,"covered":15,"skipped":0,"pct":23.43}}
,"/app/src/pages/org/ProfilePage.tsx": {"lines":{"total":92,"covered":0,"skipped":0,"pct":0},"functions":{"total":48,"covered":0,"skipped":0,"pct":0},"statements":{"total":113,"covered":0,"skipped":0,"pct":0},"branches":{"total":84,"covered":0,"skipped":0,"pct":0}}
,"/app/src/pages/org/ReportsPage.tsx": {"lines":{"total":62,"covered":47,"skipped":0,"pct":75.8},"functions":{"total":18,"covered":12,"skipped":0,"pct":66.66},"statements":{"total":65,"covered":48,"skipped":0,"pct":73.84},"branches":{"total":38,"covered":22,"skipped":0,"pct":57.89}}
,"/app/src/pages/org/SetupPage.tsx": {"lines":{"total":6,"covered":0,"skipped":0,"pct":0},"functions":{"total":1,"covered":0,"skipped":0,"pct":0},"statements":{"total":6,"covered":0,"skipped":0,"pct":0},"branches":{"total":6,"covered":0,"skipped":0,"pct":0}}
,"/app/src/types/audit.ts": {"lines":{"total":0,"covered":0,"skipped":0,"pct":100},"functions":{"total":0,"covered":0,"skipped":0,"pct":100},"statements":{"total":0,"covered":0,"skipped":0,"pct":100},"branches":{"total":0,"covered":0,"skipped":0,"pct":100}}
,"/app/src/types/auth.ts": {"lines":{"total":0,"covered":0,"skipped":0,"pct":100},"functions":{"total":0,"covered":0,"skipped":0,"pct":100},"statements":{"total":0,"covered":0,"skipped":0,"pct":100},"branches":{"total":0,"covered":0,"skipped":0,"pct":100}}
,"/app/src/types/hr.ts": {"lines":{"total":0,"covered":0,"skipped":0,"pct":100},"functions":{"total":0,"covered":0,"skipped":0,"pct":100},"statements":{"total":0,"covered":0,"skipped":0,"pct":100},"branches":{"total":0,"covered":0,"skipped":0,"pct":100}}
,"/app/src/types/organisation.ts": {"lines":{"total":0,"covered":0,"skipped":0,"pct":100},"functions":{"total":0,"covered":0,"skipped":0,"pct":100},"statements":{"total":0,"covered":0,"skipped":0,"pct":100},"branches":{"total":0,"covered":0,"skipped":0,"pct":100}}
}
