{"total": {"lines":{"total":6782,"covered":1858,"skipped":0,"pct":27.39},"statements":{"total":7588,"covered":2017,"skipped":0,"pct":26.58},"functions":{"total":3541,"covered":692,"skipped":0,"pct":19.54},"branches":{"total":5555,"covered":1585,"skipped":0,"pct":28.53},"branchesTrue":{"total":0,"covered":0,"skipped":0,"pct":100}}
,"/app/src/components/auth/AuthShell.tsx": {"lines":{"total":6,"covered":0,"skipped":0,"pct":0},"functions":{"total":3,"covered":0,"skipped":0,"pct":0},"statements":{"total":6,"covered":0,"skipped":0,"pct":0},"branches":{"total":35,"covered":0,"skipped":0,"pct":0}}
,"/app/src/components/auth/ProtectedRoute.tsx": {"lines":{"total":27,"covered":0,"skipped":0,"pct":0},"functions":{"total":1,"covered":0,"skipped":0,"pct":0},"statements":{"total":27,"covered":0,"skipped":0,"pct":0},"branches":{"total":42,"covered":0,"skipped":0,"pct":0}}
,"/app/src/components/layouts/CTLayout.tsx": {"lines":{"total":7,"covered":0,"skipped":0,"pct":0},"functions":{"total":2,"covered":0,"skipped":0,"pct":0},"statements":{"total":7,"covered":0,"skipped":0,"pct":0},"branches":{"total":2,"covered":0,"skipped":0,"pct":0}}
,"/app/src/components/layouts/EmployeeLayout.tsx": {"lines":{"total":7,"covered":0,"skipped":0,"pct":0},"functions":{"total":2,"covered":0,"skipped":0,"pct":0},"statements":{"total":7,"covered":0,"skipped":0,"pct":0},"branches":{"total":8,"covered":0,"skipped":0,"pct":0}}
,"/app/src/components/layouts/OrgLayout.tsx": {"lines":{"total":25,"covered":21,"skipped":0,"pct":84},"functions":{"total":9,"covered":7,"skipped":0,"pct":77.77},"statements":{"total":26,"covered":21,"skipped":0,"pct":80.76},"branches":{"total":38,"covered":20,"skipped":0,"pct":52.63}}
,"/app/src/components/layouts/SidebarNav.tsx": {"lines":{"total":11,"covered":0,"skipped":0,"pct":0},"functions":{"total":9,"covered":0,"skipped":0,"pct":0},"statements":{"total":12,"covered":0,"skipped":0,"pct":0},"branches":{"total":16,"covered":0,"skipped":0,"pct":0}}
,"/app/src/components/layouts/WorkspaceSwitcher.tsx": {"lines":{"total":26,"covered":0,"skipped":0,"pct":0},"functions":{"total":8,"covered":0,"skipped":0,"pct":0},"statements":{"total":28,"covered":0,"skipped":0,"pct":0},"branches":{"total":40,"covered":0,"skipped":0,"pct":0}}
,"/app/src/components/org/OrgSetupBanner.tsx": {"lines":{"total":20,"covered":0,"skipped":0,"pct":0},"functions":{"total":8,"covered":0,"skipped":0,"pct":0},"statements":{"total":22,"covered":0,"skipped":0,"pct":0},"branches":{"total":10,"covered":0,"skipped":0,"pct":0}}
,"/app/src/components/ui/AppCheckbox.tsx": {"lines":{"total":5,"covered":5,"skipped":0,"pct":100},"functions":{"total":2,"covered":2,"skipped":0,"pct":100},"statements":{"total":5,"covered":5,"skipped":0,"pct":100},"branches":{"total":10,"covered":8,"skipped":0,"pct":80}}
,"/app/src/components/ui/AppDatePicker.tsx": {"lines":{"total":10,"covered":6,"skipped":0,"pct":60},"functions":{"total":3,"covered":2,"skipped":0,"pct":66.66},"statements":{"total":12,"covered":7,"skipped":0,"pct":58.33},"branches":{"total":9,"covered":7,"skipped":0,"pct":77.77}}
,"/app/src/components/ui/AppDateTimePicker.tsx": {"lines":{"total":18,"covered":0,"skipped":0,"pct":0},"functions":{"total":5,"covered":0,"skipped":0,"pct":0},"statements":{"total":20,"covered":0,"skipped":0,"pct":0},"branches":{"total":23,"covered":0,"skipped":0,"pct":0}}
,"/app/src/components/ui/AppDialog.tsx": {"lines":{"total":1,"covered":1,"skipped":0,"pct":100},"functions":{"total":1,"covered":1,"skipped":0,"pct":100},"statements":{"total":1,"covered":1,"skipped":0,"pct":100},"branches":{"total":6,"covered":6,"skipped":0,"pct":100}}
,"/app/src/components/ui/AppErrorBoundary.tsx": {"lines":{"total":12,"covered":0,"skipped":0,"pct":0},"functions":{"total":5,"covered":0,"skipped":0,"pct":0},"statements":{"total":12,"covered":0,"skipped":0,"pct":0},"branches":{"total":17,"covered":0,"skipped":0,"pct":0}}
,"/app/src/components/ui/AppSelect.tsx": {"lines":{"total":20,"covered":16,"skipped":0,"pct":80},"functions":{"total":8,"covered":6,"skipped":0,"pct":75},"statements":{"total":22,"covered":18,"skipped":0,"pct":81.81},"branches":{"total":36,"covered":27,"skipped":0,"pct":75}}
,"/app/src/components/ui/ApprovalDecisionDialog.tsx": {"lines":{"total":21,"covered":7,"skipped":0,"pct":33.33},"functions":{"total":4,"covered":1,"skipped":0,"pct":25},"statements":{"total":21,"covered":7,"skipped":0,"pct":33.33},"branches":{"total":21,"covered":14,"skipped":0,"pct":66.66}}
,"/app/src/components/ui/AuditTimeline.tsx": {"lines":{"total":7,"covered":2,"skipped":0,"pct":28.57},"functions":{"total":5,"covered":1,"skipped":0,"pct":20},"statements":{"total":7,"covered":2,"skipped":0,"pct":28.57},"branches":{"total":23,"covered":5,"skipped":0,"pct":21.73}}
,"/app/src/components/ui/CareerTimeline.tsx": {"lines":{"total":16,"covered":10,"skipped":0,"pct":62.5},"functions":{"total":4,"covered":4,"skipped":0,"pct":100},"statements":{"total":16,"covered":10,"skipped":0,"pct":62.5},"branches":{"total":40,"covered":19,"skipped":0,"pct":47.5}}
,"/app/src/components/ui/ConfirmDialog.tsx": {"lines":{"total":20,"covered":18,"skipped":0,"pct":90},"functions":{"total":7,"covered":6,"skipped":0,"pct":85.71},"statements":{"total":20,"covered":18,"skipped":0,"pct":90},"branches":{"total":13,"covered":11,"skipped":0,"pct":84.61}}
,"/app/src/components/ui/EmptyState.tsx": {"lines":{"total":1,"covered":1,"skipped":0,"pct":100},"functions":{"total":1,"covered":1,"skipped":0,"pct":100},"statements":{"total":1,"covered":1,"skipped":0,"pct":100},"branches":{"total":4,"covered":4,"skipped":0,"pct":100}}
,"/app/src/components/ui/FieldErrorText.tsx": {"lines":{"total":2,"covered":1,"skipped":0,"pct":50},"functions":{"total":1,"covered":1,"skipped":0,"pct":100},"statements":{"total":3,"covered":2,"skipped":0,"pct":66.66},"branches":{"total":2,"covered":1,"skipped":0,"pct":50}}
,"/app/src/components/ui/LiveAttendanceFeed.tsx": {"lines":{"total":74,"covered":50,"skipped":0,"pct":67.56},"functions":{"total":18,"covered":14,"skipped":0,"pct":77.77},"statements":{"total":82,"covered":52,"skipped":0,"pct":63.41},"branches":{"total":58,"covered":25,"skipped":0,"pct":43.1}}
,"/app/src/components/ui/LoadingScreen.tsx": {"lines":{"total":1,"covered":0,"skipped":0,"pct":0},"functions":{"total":1,"covered":0,"skipped":0,"pct":0},"statements":{"total":1,"covered":0,"skipped":0,"pct":0},"branches":{"total":1,"covered":0,"skipped":0,"pct":0}}
,"/app/src/components/ui/MetricCard.tsx": {"lines":{"total":2,"covered":2,"skipped":0,"pct":100},"functions":{"total":1,"covered":1,"skipped":0,"pct":100},"statements":{"total":2,"covered":2,"skipped":0,"pct":100},"branches":{"total":5,"covered":4,"skipped":0,"pct":80}}
,"/app/src/components/ui/MonthCalendar.tsx": {"lines":{"total":13,"covered":13,"skipped":0,"pct":100},"functions":{"total":6,"covered":6,"skipped":0,"pct":100},"statements":{"total":14,"covered":14,"skipped":0,"pct":100},"branches":{"total":8,"covered":5,"skipped":0,"pct":62.5}}
,"/app/src/components/ui/NotificationBell.tsx": {"lines":{"total":15,"covered":11,"skipped":0,"pct":73.33},"functions":{"total":3,"covered":2,"skipped":0,"pct":66.66},"statements":{"total":15,"covered":11,"skipped":0,"pct":73.33},"branches":{"total":18,"covered":8,"skipped":0,"pct":44.44}}
,"/app/src/components/ui/NotificationPanel.tsx": {"lines":{"total":9,"covered":7,"skipped":0,"pct":77.77},"functions":{"total":5,"covered":4,"skipped":0,"pct":80},"statements":{"total":9,"covered":7,"skipped":0,"pct":77.77},"branches":{"total":25,"covered":15,"skipped":0,"pct":60}}
,"/app/src/components/ui/PageHeader.tsx": {"lines":{"total":1,"covered":1,"skipped":0,"pct":100},"functions":{"total":1,"covered":1,"skipped":0,"pct":100},"statements":{"total":1,"covered":1,"skipped":0,"pct":100},"branches":{"total":6,"covered":4,"skipped":0,"pct":66.66}}
,"/app/src/components/ui/SectionCard.tsx": {"lines":{"total":1,"covered":1,"skipped":0,"pct":100},"functions":{"total":1,"covered":1,"skipped":0,"pct":100},"statements":{"total":1,"covered":1,"skipped":0,"pct":100},"branches":{"total":4,"covered":4,"skipped":0,"pct":100}}
,"/app/src/components/ui/Skeleton.tsx": {"lines":{"total":7,"covered":4,"skipped":0,"pct":57.14},"functions":{"total":7,"covered":4,"skipped":0,"pct":57.14},"statements":{"total":7,"covered":4,"skipped":0,"pct":57.14},"branches":{"total":2,"covered":1,"skipped":0,"pct":50}}
,"/app/src/components/ui/StatusBadge.tsx": {"lines":{"total":2,"covered":2,"skipped":0,"pct":100},"functions":{"total":1,"covered":1,"skipped":0,"pct":100},"statements":{"total":2,"covered":2,"skipped":0,"pct":100},"branches":{"total":1,"covered":1,"skipped":0,"pct":100}}
,"/app/src/components/ui/ThemeToggle.tsx": {"lines":{"total":9,"covered":0,"skipped":0,"pct":0},"functions":{"total":3,"covered":0,"skipped":0,"pct":0},"statements":{"total":9,"covered":0,"skipped":0,"pct":0},"branches":{"total":4,"covered":0,"skipped":0,"pct":0}}
,"/app/src/context/AuthContext.tsx": {"lines":{"total":40,"covered":0,"skipped":0,"pct":0},"functions":{"total":10,"covered":0,"skipped":0,"pct":0},"statements":{"total":41,"covered":0,"skipped":0,"pct":0},"branches":{"total":2,"covered":0,"skipped":0,"pct":0}}
,"/app/src/context/ThemeContext.tsx": {"lines":{"total":26,"covered":0,"skipped":0,"pct":0},"functions":{"total":10,"covered":0,"skipped":0,"pct":0},"statements":{"total":30,"covered":0,"skipped":0,"pct":0},"branches":{"total":13,"covered":0,"skipped":0,"pct":0}}
,"/app/src/context/auth-context.ts": {"lines":{"total":1,"covered":0,"skipped":0,"pct":0},"functions":{"total":0,"covered":0,"skipped":0,"pct":100},"statements":{"total":1,"covered":0,"skipped":0,"pct":0},"branches":{"total":0,"covered":0,"skipped":0,"pct":100}}
,"/app/src/context/theme-context.ts": {"lines":{"total":1,"covered":0,"skipped":0,"pct":0},"functions":{"total":0,"covered":0,"skipped":0,"pct":100},"statements":{"total":1,"covered":0,"skipped":0,"pct":0},"branches":{"total":0,"covered":0,"skipped":0,"pct":100}}
,"/app/src/hooks/useAuth.ts": {"lines":{"total":3,"covered":0,"skipped":0,"pct":0},"functions":{"total":1,"covered":0,"skipped":0,"pct":0},"statements":{"total":4,"covered":0,"skipped":0,"pct":0},"branches":{"total":2,"covered":0,"skipped":0,"pct":0}}
,"/app/src/hooks/useCtOrganisations.ts": {"lines":{"total":262,"covered":0,"skipped":0,"pct":0},"functions":{"total":186,"covered":0,"skipped":0,"pct":0},"statements":{"total":263,"covered":0,"skipped":0,"pct":0},"branches":{"total":53,"covered":0,"skipped":0,"pct":0}}
,"/app/src/hooks/useEmployeeSelf.ts": {"lines":{"total":199,"covered":0,"skipped":0,"pct":0},"functions":{"total":125,"covered":0,"skipped":0,"pct":0},"statements":{"total":199,"covered":0,"skipped":0,"pct":0},"branches":{"total":2,"covered":0,"skipped":0,"pct":0}}
,"/app/src/hooks/useNotifications.ts": {"lines":{"total":10,"covered":0,"skipped":0,"pct":0},"functions":{"total":6,"covered":0,"skipped":0,"pct":0},"statements":{"total":10,"covered":0,"skipped":0,"pct":0},"branches":{"total":0,"covered":0,"skipped":0,"pct":100}}
,"/app/src/hooks/useOrgAdmin.ts": {"lines":{"total":440,"covered":0,"skipped":0,"pct":0},"functions":{"total":294,"covered":0,"skipped":0,"pct":0},"statements":{"total":440,"covered":0,"skipped":0,"pct":0},"branches":{"total":36,"covered":0,"skipped":0,"pct":0}}
,"/app/src/hooks/useTheme.ts": {"lines":{"total":4,"covered":0,"skipped":0,"pct":0},"functions":{"total":1,"covered":0,"skipped":0,"pct":0},"statements":{"total":4,"covered":0,"skipped":0,"pct":0},"branches":{"total":2,"covered":0,"skipped":0,"pct":0}}
,"/app/src/lib/addressMetadata.ts": {"lines":{"total":67,"covered":31,"skipped":0,"pct":46.26},"functions":{"total":21,"covered":11,"skipped":0,"pct":52.38},"statements":{"total":76,"covered":34,"skipped":0,"pct":44.73},"branches":{"total":91,"covered":25,"skipped":0,"pct":27.47}}
,"/app/src/lib/api.ts": {"lines":{"total":38,"covered":7,"skipped":0,"pct":18.42},"functions":{"total":8,"covered":1,"skipped":0,"pct":12.5},"statements":{"total":38,"covered":7,"skipped":0,"pct":18.42},"branches":{"total":38,"covered":4,"skipped":0,"pct":10.52}}
,"/app/src/lib/constants.ts": {"lines":{"total":23,"covered":23,"skipped":0,"pct":100},"functions":{"total":6,"covered":6,"skipped":0,"pct":100},"statements":{"total":23,"covered":23,"skipped":0,"pct":100},"branches":{"total":0,"covered":0,"skipped":0,"pct":100}}
,"/app/src/lib/errors.ts": {"lines":{"total":38,"covered":4,"skipped":0,"pct":10.52},"functions":{"total":5,"covered":2,"skipped":0,"pct":40},"statements":{"total":46,"covered":6,"skipped":0,"pct":13.04},"branches":{"total":46,"covered":7,"skipped":0,"pct":15.21}}
,"/app/src/lib/format.ts": {"lines":{"total":12,"covered":12,"skipped":0,"pct":100},"functions":{"total":5,"covered":5,"skipped":0,"pct":100},"statements":{"total":17,"covered":12,"skipped":0,"pct":70.58},"branches":{"total":17,"covered":10,"skipped":0,"pct":58.82}}
,"/app/src/lib/orgSetup.ts": {"lines":{"total":14,"covered":0,"skipped":0,"pct":0},"functions":{"total":8,"covered":0,"skipped":0,"pct":0},"statements":{"total":17,"covered":0,"skipped":0,"pct":0},"branches":{"total":10,"covered":0,"skipped":0,"pct":0}}
,"/app/src/lib/organisationMetadata.ts": {"lines":{"total":38,"covered":21,"skipped":0,"pct":55.26},"functions":{"total":12,"covered":8,"skipped":0,"pct":66.66},"statements":{"total":43,"covered":23,"skipped":0,"pct":53.48},"branches":{"total":24,"covered":4,"skipped":0,"pct":16.66}}
,"/app/src/lib/rbac.ts": {"lines":{"total":11,"covered":0,"skipped":0,"pct":0},"functions":{"total":4,"covered":0,"skipped":0,"pct":0},"statements":{"total":12,"covered":0,"skipped":0,"pct":0},"branches":{"total":10,"covered":0,"skipped":0,"pct":0}}
,"/app/src/lib/status.ts": {"lines":{"total":73,"covered":26,"skipped":0,"pct":35.61},"functions":{"total":15,"covered":10,"skipped":0,"pct":66.66},"statements":{"total":73,"covered":26,"skipped":0,"pct":35.61},"branches":{"total":88,"covered":24,"skipped":0,"pct":27.27}}
,"/app/src/lib/utils.ts": {"lines":{"total":1,"covered":1,"skipped":0,"pct":100},"functions":{"total":1,"covered":1,"skipped":0,"pct":100},"statements":{"total":1,"covered":1,"skipped":0,"pct":100},"branches":{"total":0,"covered":0,"skipped":0,"pct":100}}
,"/app/src/lib/api/assets.ts": {"lines":{"total":24,"covered":0,"skipped":0,"pct":0},"functions":{"total":12,"covered":0,"skipped":0,"pct":0},"statements":{"total":24,"covered":0,"skipped":0,"pct":0},"branches":{"total":0,"covered":0,"skipped":0,"pct":100}}
,"/app/src/lib/api/audit.ts": {"lines":{"total":5,"covered":0,"skipped":0,"pct":0},"functions":{"total":2,"covered":0,"skipped":0,"pct":0},"statements":{"total":5,"covered":0,"skipped":0,"pct":0},"branches":{"total":2,"covered":0,"skipped":0,"pct":0}}
,"/app/src/lib/api/auth.ts": {"lines":{"total":14,"covered":0,"skipped":0,"pct":0},"functions":{"total":7,"covered":0,"skipped":0,"pct":0},"statements":{"total":14,"covered":0,"skipped":0,"pct":0},"branches":{"total":0,"covered":0,"skipped":0,"pct":100}}
,"/app/src/lib/api/expenses.ts": {"lines":{"total":27,"covered":0,"skipped":0,"pct":0},"functions":{"total":12,"covered":0,"skipped":0,"pct":0},"statements":{"total":27,"covered":0,"skipped":0,"pct":0},"branches":{"total":0,"covered":0,"skipped":0,"pct":100}}
,"/app/src/lib/api/invitations.ts": {"lines":{"total":4,"covered":0,"skipped":0,"pct":0},"functions":{"total":2,"covered":0,"skipped":0,"pct":0},"statements":{"total":4,"covered":0,"skipped":0,"pct":0},"branches":{"total":0,"covered":0,"skipped":0,"pct":100}}
,"/app/src/lib/api/notifications.ts": {"lines":{"total":6,"covered":0,"skipped":0,"pct":0},"functions":{"total":3,"covered":0,"skipped":0,"pct":0},"statements":{"total":6,"covered":0,"skipped":0,"pct":0},"branches":{"total":0,"covered":0,"skipped":0,"pct":100}}
,"/app/src/lib/api/org-admin.ts": {"lines":{"total":279,"covered":0,"skipped":0,"pct":0},"functions":{"total":135,"covered":0,"skipped":0,"pct":0},"statements":{"total":281,"covered":0,"skipped":0,"pct":0},"branches":{"total":42,"covered":0,"skipped":0,"pct":0}}
,"/app/src/lib/api/organisations.ts": {"lines":{"total":141,"covered":0,"skipped":0,"pct":0},"functions":{"total":71,"covered":0,"skipped":0,"pct":0},"statements":{"total":141,"covered":0,"skipped":0,"pct":0},"branches":{"total":12,"covered":0,"skipped":0,"pct":0}}
,"/app/src/lib/api/performance.ts": {"lines":{"total":16,"covered":0,"skipped":0,"pct":0},"functions":{"total":8,"covered":0,"skipped":0,"pct":0},"statements":{"total":16,"covered":0,"skipped":0,"pct":0},"branches":{"total":0,"covered":0,"skipped":0,"pct":100}}
,"/app/src/lib/api/recruitment.ts": {"lines":{"total":16,"covered":0,"skipped":0,"pct":0},"functions":{"total":8,"covered":0,"skipped":0,"pct":0},"statements":{"total":16,"covered":0,"skipped":0,"pct":0},"branches":{"total":2,"covered":0,"skipped":0,"pct":0}}
,"/app/src/lib/api/self-service.ts": {"lines":{"total":130,"covered":0,"skipped":0,"pct":0},"functions":{"total":63,"covered":0,"skipped":0,"pct":0},"statements":{"total":132,"covered":0,"skipped":0,"pct":0},"branches":{"total":24,"covered":0,"skipped":0,"pct":0}}
,"/app/src/pages/auth/ControlTowerLoginPage.tsx": {"lines":{"total":23,"covered":0,"skipped":0,"pct":0},"functions":{"total":4,"covered":0,"skipped":0,"pct":0},"statements":{"total":23,"covered":0,"skipped":0,"pct":0},"branches":{"total":6,"covered":0,"skipped":0,"pct":0}}
,"/app/src/pages/auth/ControlTowerRequestPasswordResetPage.tsx": {"lines":{"total":12,"covered":0,"skipped":0,"pct":0},"functions":{"total":3,"covered":0,"skipped":0,"pct":0},"statements":{"total":12,"covered":0,"skipped":0,"pct":0},"branches":{"total":8,"covered":0,"skipped":0,"pct":0}}
,"/app/src/pages/auth/InviteAcceptPage.tsx": {"lines":{"total":51,"covered":0,"skipped":0,"pct":0},"functions":{"total":10,"covered":0,"skipped":0,"pct":0},"statements":{"total":53,"covered":0,"skipped":0,"pct":0},"branches":{"total":38,"covered":0,"skipped":0,"pct":0}}
,"/app/src/pages/auth/LoginPage.tsx": {"lines":{"total":24,"covered":0,"skipped":0,"pct":0},"functions":{"total":4,"covered":0,"skipped":0,"pct":0},"statements":{"total":24,"covered":0,"skipped":0,"pct":0},"branches":{"total":6,"covered":0,"skipped":0,"pct":0}}
,"/app/src/pages/auth/RequestPasswordResetPage.tsx": {"lines":{"total":12,"covered":0,"skipped":0,"pct":0},"functions":{"total":3,"covered":0,"skipped":0,"pct":0},"statements":{"total":12,"covered":0,"skipped":0,"pct":0},"branches":{"total":8,"covered":0,"skipped":0,"pct":0}}
,"/app/src/pages/auth/ResetPasswordPage.tsx": {"lines":{"total":49,"covered":0,"skipped":0,"pct":0},"functions":{"total":8,"covered":0,"skipped":0,"pct":0},"statements":{"total":50,"covered":0,"skipped":0,"pct":0},"branches":{"total":26,"covered":0,"skipped":0,"pct":0}}
,"/app/src/pages/ct/CtOrgPayrollPage.tsx": {"lines":{"total":17,"covered":13,"skipped":0,"pct":76.47},"functions":{"total":8,"covered":7,"skipped":0,"pct":87.5},"statements":{"total":20,"covered":15,"skipped":0,"pct":75},"branches":{"total":34,"covered":26,"skipped":0,"pct":76.47}}
,"/app/src/pages/ct/DashboardPage.tsx": {"lines":{"total":5,"covered":4,"skipped":0,"pct":80},"functions":{"total":3,"covered":2,"skipped":0,"pct":66.66},"statements":{"total":5,"covered":4,"skipped":0,"pct":80},"branches":{"total":6,"covered":4,"skipped":0,"pct":66.66}}
,"/app/src/pages/ct/FirstLicenceBatchPage.tsx": {"lines":{"total":56,"covered":0,"skipped":0,"pct":0},"functions":{"total":22,"covered":0,"skipped":0,"pct":0},"statements":{"total":63,"covered":0,"skipped":0,"pct":0},"branches":{"total":53,"covered":0,"skipped":0,"pct":0}}
,"/app/src/pages/ct/NewOrganisationPage.tsx": {"lines":{"total":94,"covered":0,"skipped":0,"pct":0},"functions":{"total":35,"covered":0,"skipped":0,"pct":0},"statements":{"total":104,"covered":0,"skipped":0,"pct":0},"branches":{"total":79,"covered":0,"skipped":0,"pct":0}}
,"/app/src/pages/ct/OrganisationDetailPage.tsx": {"lines":{"total":907,"covered":268,"skipped":0,"pct":29.54},"functions":{"total":476,"covered":47,"skipped":0,"pct":9.87},"statements":{"total":1048,"covered":285,"skipped":0,"pct":27.19},"branches":{"total":913,"covered":210,"skipped":0,"pct":23}}
,"/app/src/pages/ct/OrganisationsPage.tsx": {"lines":{"total":14,"covered":0,"skipped":0,"pct":0},"functions":{"total":9,"covered":0,"skipped":0,"pct":0},"statements":{"total":16,"covered":0,"skipped":0,"pct":0},"branches":{"total":19,"covered":0,"skipped":0,"pct":0}}
,"/app/src/pages/ct/PayrollMastersPage.tsx": {"lines":{"total":101,"covered":57,"skipped":0,"pct":56.43},"functions":{"total":69,"covered":31,"skipped":0,"pct":44.92},"statements":{"total":108,"covered":57,"skipped":0,"pct":52.77},"branches":{"total":120,"covered":68,"skipped":0,"pct":56.66}}
,"/app/src/pages/employee/ApprovalsPage.tsx": {"lines":{"total":15,"covered":8,"skipped":0,"pct":53.33},"functions":{"total":6,"covered":2,"skipped":0,"pct":33.33},"statements":{"total":15,"covered":8,"skipped":0,"pct":53.33},"branches":{"total":14,"covered":8,"skipped":0,"pct":57.14}}
,"/app/src/pages/employee/AttendancePage.tsx": {"lines":{"total":56,"covered":27,"skipped":0,"pct":48.21},"functions":{"total":26,"covered":9,"skipped":0,"pct":34.61},"statements":{"total":63,"covered":27,"skipped":0,"pct":42.85},"branches":{"total":62,"covered":25,"skipped":0,"pct":40.32}}
,"/app/src/pages/employee/DashboardPage.tsx": {"lines":{"total":13,"covered":11,"skipped":0,"pct":84.61},"functions":{"total":9,"covered":7,"skipped":0,"pct":77.77},"statements":{"total":13,"covered":11,"skipped":0,"pct":84.61},"branches":{"total":28,"covered":16,"skipped":0,"pct":57.14}}
,"/app/src/pages/employee/DocumentsPage.tsx": {"lines":{"total":50,"covered":0,"skipped":0,"pct":0},"functions":{"total":18,"covered":0,"skipped":0,"pct":0},"statements":{"total":55,"covered":0,"skipped":0,"pct":0},"branches":{"total":38,"covered":0,"skipped":0,"pct":0}}
,"/app/src/pages/employee/EducationPage.tsx": {"lines":{"total":38,"covered":0,"skipped":0,"pct":0},"functions":{"total":14,"covered":0,"skipped":0,"pct":0},"statements":{"total":42,"covered":0,"skipped":0,"pct":0},"branches":{"total":40,"covered":0,"skipped":0,"pct":0}}
,"/app/src/pages/employee/ExpensesPage.tsx": {"lines":{"total":104,"covered":46,"skipped":0,"pct":44.23},"functions":{"total":57,"covered":19,"skipped":0,"pct":33.33},"statements":{"total":118,"covered":49,"skipped":0,"pct":41.52},"branches":{"total":93,"covered":32,"skipped":0,"pct":34.4}}
,"/app/src/pages/employee/LeavePage.tsx": {"lines":{"total":79,"covered":44,"skipped":0,"pct":55.69},"functions":{"total":38,"covered":22,"skipped":0,"pct":57.89},"statements":{"total":95,"covered":51,"skipped":0,"pct":53.68},"branches":{"total":71,"covered":22,"skipped":0,"pct":30.98}}
,"/app/src/pages/employee/MyAssetsPage.tsx": {"lines":{"total":15,"covered":13,"skipped":0,"pct":86.66},"functions":{"total":7,"covered":7,"skipped":0,"pct":100},"statements":{"total":16,"covered":14,"skipped":0,"pct":87.5},"branches":{"total":19,"covered":12,"skipped":0,"pct":63.15}}
,"/app/src/pages/employee/OnDutyPage.tsx": {"lines":{"total":33,"covered":0,"skipped":0,"pct":0},"functions":{"total":22,"covered":0,"skipped":0,"pct":0},"statements":{"total":41,"covered":0,"skipped":0,"pct":0},"branches":{"total":20,"covered":0,"skipped":0,"pct":0}}
,"/app/src/pages/employee/OnboardingPage.tsx": {"lines":{"total":106,"covered":0,"skipped":0,"pct":0},"functions":{"total":64,"covered":0,"skipped":0,"pct":0},"statements":{"total":132,"covered":0,"skipped":0,"pct":0},"branches":{"total":98,"covered":0,"skipped":0,"pct":0}}
,"/app/src/pages/employee/PayslipsPage.tsx": {"lines":{"total":44,"covered":29,"skipped":0,"pct":65.9},"functions":{"total":16,"covered":5,"skipped":0,"pct":31.25},"statements":{"total":46,"covered":29,"skipped":0,"pct":63.04},"branches":{"total":59,"covered":21,"skipped":0,"pct":35.59}}
,"/app/src/pages/employee/PerformancePage.tsx": {"lines":{"total":32,"covered":29,"skipped":0,"pct":90.62},"functions":{"total":19,"covered":17,"skipped":0,"pct":89.47},"statements":{"total":39,"covered":33,"skipped":0,"pct":84.61},"branches":{"total":30,"covered":19,"skipped":0,"pct":63.33}}
,"/app/src/pages/employee/ProfilePage.tsx": {"lines":{"total":86,"covered":0,"skipped":0,"pct":0},"functions":{"total":51,"covered":0,"skipped":0,"pct":0},"statements":{"total":110,"covered":0,"skipped":0,"pct":0},"branches":{"total":120,"covered":0,"skipped":0,"pct":0}}
,"/app/src/pages/employee/TaxDeclarationsPage.tsx": {"lines":{"total":72,"covered":37,"skipped":0,"pct":51.38},"functions":{"total":25,"covered":10,"skipped":0,"pct":40},"statements":{"total":79,"covered":39,"skipped":0,"pct":49.36},"branches":{"total":37,"covered":19,"skipped":0,"pct":51.35}}
,"/app/src/pages/org/ApplicationsPage.tsx": {"lines":{"total":24,"covered":22,"skipped":0,"pct":91.66},"functions":{"total":13,"covered":11,"skipped":0,"pct":84.61},"statements":{"total":28,"covered":23,"skipped":0,"pct":82.14},"branches":{"total":20,"covered":15,"skipped":0,"pct":75}}
,"/app/src/pages/org/AppraisalCyclesPage.tsx": {"lines":{"total":23,"covered":0,"skipped":0,"pct":0},"functions":{"total":14,"covered":0,"skipped":0,"pct":0},"statements":{"total":29,"covered":0,"skipped":0,"pct":0},"branches":{"total":12,"covered":0,"skipped":0,"pct":0}}
,"/app/src/pages/org/ApprovalWorkflowBuilderPage.tsx": {"lines":{"total":145,"covered":0,"skipped":0,"pct":0},"functions":{"total":128,"covered":0,"skipped":0,"pct":0},"statements":{"total":185,"covered":0,"skipped":0,"pct":0},"branches":{"total":220,"covered":0,"skipped":0,"pct":0}}
,"/app/src/pages/org/ApprovalWorkflowsPage.tsx": {"lines":{"total":79,"covered":58,"skipped":0,"pct":73.41},"functions":{"total":45,"covered":25,"skipped":0,"pct":55.55},"statements":{"total":90,"covered":62,"skipped":0,"pct":68.88},"branches":{"total":94,"covered":70,"skipped":0,"pct":74.46}}
,"/app/src/pages/org/AssetAssignmentsPage.tsx": {"lines":{"total":54,"covered":33,"skipped":0,"pct":61.11},"functions":{"total":25,"covered":11,"skipped":0,"pct":44},"statements":{"total":60,"covered":34,"skipped":0,"pct":56.66},"branches":{"total":42,"covered":22,"skipped":0,"pct":52.38}}
,"/app/src/pages/org/AssetsInventoryPage.tsx": {"lines":{"total":59,"covered":33,"skipped":0,"pct":55.93},"functions":{"total":39,"covered":16,"skipped":0,"pct":41.02},"statements":{"total":73,"covered":38,"skipped":0,"pct":52.05},"branches":{"total":36,"covered":21,"skipped":0,"pct":58.33}}
,"/app/src/pages/org/AttendanceImportsPage.tsx": {"lines":{"total":175,"covered":0,"skipped":0,"pct":0},"functions":{"total":102,"covered":0,"skipped":0,"pct":0},"statements":{"total":213,"covered":0,"skipped":0,"pct":0},"branches":{"total":154,"covered":0,"skipped":0,"pct":0}}
,"/app/src/pages/org/AuditPage.tsx": {"lines":{"total":54,"covered":24,"skipped":0,"pct":44.44},"functions":{"total":25,"covered":4,"skipped":0,"pct":16},"statements":{"total":61,"covered":25,"skipped":0,"pct":40.98},"branches":{"total":51,"covered":25,"skipped":0,"pct":49.01}}
,"/app/src/pages/org/BiometricDevicesPage.tsx": {"lines":{"total":50,"covered":36,"skipped":0,"pct":72},"functions":{"total":40,"covered":23,"skipped":0,"pct":57.5},"statements":{"total":65,"covered":44,"skipped":0,"pct":67.69},"branches":{"total":117,"covered":63,"skipped":0,"pct":53.84}}
,"/app/src/pages/org/CandidateDetailPage.tsx": {"lines":{"total":51,"covered":31,"skipped":0,"pct":60.78},"functions":{"total":31,"covered":14,"skipped":0,"pct":45.16},"statements":{"total":58,"covered":34,"skipped":0,"pct":58.62},"branches":{"total":40,"covered":21,"skipped":0,"pct":52.5}}
,"/app/src/pages/org/DashboardPage.tsx": {"lines":{"total":15,"covered":14,"skipped":0,"pct":93.33},"functions":{"total":9,"covered":8,"skipped":0,"pct":88.88},"statements":{"total":16,"covered":15,"skipped":0,"pct":93.75},"branches":{"total":39,"covered":32,"skipped":0,"pct":82.05}}
,"/app/src/pages/org/DepartmentsPage.tsx": {"lines":{"total":62,"covered":55,"skipped":0,"pct":88.7},"functions":{"total":24,"covered":21,"skipped":0,"pct":87.5},"statements":{"total":67,"covered":59,"skipped":0,"pct":88.05},"branches":{"total":55,"covered":40,"skipped":0,"pct":72.72}}
,"/app/src/pages/org/EmployeeDetailPage.tsx": {"lines":{"total":156,"covered":75,"skipped":0,"pct":48.07},"functions":{"total":89,"covered":21,"skipped":0,"pct":23.59},"statements":{"total":192,"covered":82,"skipped":0,"pct":42.7},"branches":{"total":225,"covered":115,"skipped":0,"pct":51.11}}
,"/app/src/pages/org/EmployeesPage.tsx": {"lines":{"total":107,"covered":72,"skipped":0,"pct":67.28},"functions":{"total":63,"covered":35,"skipped":0,"pct":55.55},"statements":{"total":129,"covered":82,"skipped":0,"pct":63.56},"branches":{"total":74,"covered":48,"skipped":0,"pct":64.86}}
,"/app/src/pages/org/ExpenseClaimsPage.tsx": {"lines":{"total":62,"covered":43,"skipped":0,"pct":69.35},"functions":{"total":26,"covered":15,"skipped":0,"pct":57.69},"statements":{"total":68,"covered":44,"skipped":0,"pct":64.7},"branches":{"total":64,"covered":36,"skipped":0,"pct":56.25}}
,"/app/src/pages/org/ExpensePoliciesPage.tsx": {"lines":{"total":42,"covered":27,"skipped":0,"pct":64.28},"functions":{"total":32,"covered":19,"skipped":0,"pct":59.37},"statements":{"total":56,"covered":35,"skipped":0,"pct":62.5},"branches":{"total":45,"covered":13,"skipped":0,"pct":28.88}}
,"/app/src/pages/org/GoalCyclesPage.tsx": {"lines":{"total":22,"covered":17,"skipped":0,"pct":77.27},"functions":{"total":12,"covered":9,"skipped":0,"pct":75},"statements":{"total":27,"covered":20,"skipped":0,"pct":74.07},"branches":{"total":10,"covered":4,"skipped":0,"pct":40}}
,"/app/src/pages/org/HolidaysPage.tsx": {"lines":{"total":62,"covered":38,"skipped":0,"pct":61.29},"functions":{"total":44,"covered":23,"skipped":0,"pct":52.27},"statements":{"total":79,"covered":47,"skipped":0,"pct":59.49},"branches":{"total":38,"covered":14,"skipped":0,"pct":36.84}}
,"/app/src/pages/org/JobPostingsPage.tsx": {"lines":{"total":23,"covered":17,"skipped":0,"pct":73.91},"functions":{"total":12,"covered":9,"skipped":0,"pct":75},"statements":{"total":29,"covered":20,"skipped":0,"pct":68.96},"branches":{"total":16,"covered":4,"skipped":0,"pct":25}}
,"/app/src/pages/org/LeaveCyclesPage.tsx": {"lines":{"total":65,"covered":46,"skipped":0,"pct":70.76},"functions":{"total":26,"covered":16,"skipped":0,"pct":61.53},"statements":{"total":77,"covered":51,"skipped":0,"pct":66.23},"branches":{"total":70,"covered":37,"skipped":0,"pct":52.85}}
,"/app/src/pages/org/LeavePlanBuilderPage.tsx": {"lines":{"total":161,"covered":0,"skipped":0,"pct":0},"functions":{"total":144,"covered":0,"skipped":0,"pct":0},"statements":{"total":208,"covered":0,"skipped":0,"pct":0},"branches":{"total":211,"covered":0,"skipped":0,"pct":0}}
,"/app/src/pages/org/LeavePlansPage.tsx": {"lines":{"total":20,"covered":0,"skipped":0,"pct":0},"functions":{"total":10,"covered":0,"skipped":0,"pct":0},"statements":{"total":23,"covered":0,"skipped":0,"pct":0},"branches":{"total":36,"covered":0,"skipped":0,"pct":0}}
,"/app/src/pages/org/LocationsPage.tsx": {"lines":{"total":46,"covered":0,"skipped":0,"pct":0},"functions":{"total":18,"covered":0,"skipped":0,"pct":0},"statements":{"total":51,"covered":0,"skipped":0,"pct":0},"branches":{"total":34,"covered":0,"skipped":0,"pct":0}}
,"/app/src/pages/org/NoticeEditorPage.tsx": {"lines":{"total":80,"covered":40,"skipped":0,"pct":50},"functions":{"total":40,"covered":14,"skipped":0,"pct":35},"statements":{"total":96,"covered":46,"skipped":0,"pct":47.91},"branches":{"total":117,"covered":48,"skipped":0,"pct":41.02}}
,"/app/src/pages/org/NoticesPage.tsx": {"lines":{"total":36,"covered":25,"skipped":0,"pct":69.44},"functions":{"total":14,"covered":9,"skipped":0,"pct":64.28},"statements":{"total":40,"covered":29,"skipped":0,"pct":72.5},"branches":{"total":69,"covered":32,"skipped":0,"pct":46.37}}
,"/app/src/pages/org/OnDutyPoliciesPage.tsx": {"lines":{"total":19,"covered":0,"skipped":0,"pct":0},"functions":{"total":8,"covered":0,"skipped":0,"pct":0},"statements":{"total":22,"covered":0,"skipped":0,"pct":0},"branches":{"total":48,"covered":0,"skipped":0,"pct":0}}
,"/app/src/pages/org/OnDutyPolicyBuilderPage.tsx": {"lines":{"total":54,"covered":0,"skipped":0,"pct":0},"functions":{"total":27,"covered":0,"skipped":0,"pct":0},"statements":{"total":66,"covered":0,"skipped":0,"pct":0},"branches":{"total":66,"covered":0,"skipped":0,"pct":0}}
,"/app/src/pages/org/OrgChartPage.tsx": {"lines":{"total":10,"covered":8,"skipped":0,"pct":80},"functions":{"total":6,"covered":4,"skipped":0,"pct":66.66},"statements":{"total":11,"covered":8,"skipped":0,"pct":72.72},"branches":{"total":24,"covered":16,"skipped":0,"pct":66.66}}
,"/app/src/pages/org/PayrollPage.tsx": {"lines":{"total":274,"covered":142,"skipped":0,"pct":51.82},"functions":{"total":154,"covered":59,"skipped":0,"pct":38.31},"statements":{"total":323,"covered":162,"skipped":0,"pct":50.15},"branches":{"total":192,"covered":78,"skipped":0,"pct":40.62}}
,"/app/src/pages/org/PayrollRunDetailPage.tsx": {"lines":{"total":126,"covered":65,"skipped":0,"pct":51.58},"functions":{"total":52,"covered":19,"skipped":0,"pct":36.53},"statements":{"total":137,"covered":69,"skipped":0,"pct":50.36},"branches":{"total":117,"covered":63,"skipped":0,"pct":53.84}}
,"/app/src/pages/org/ProfilePage.tsx": {"lines":{"total":93,"covered":0,"skipped":0,"pct":0},"functions":{"total":50,"covered":0,"skipped":0,"pct":0},"statements":{"total":115,"covered":0,"skipped":0,"pct":0},"branches":{"total":87,"covered":0,"skipped":0,"pct":0}}
,"/app/src/pages/org/ReportsPage.tsx": {"lines":{"total":60,"covered":47,"skipped":0,"pct":78.33},"functions":{"total":16,"covered":12,"skipped":0,"pct":75},"statements":{"total":63,"covered":48,"skipped":0,"pct":76.19},"branches":{"total":38,"covered":23,"skipped":0,"pct":60.52}}
,"/app/src/pages/org/SetupPage.tsx": {"lines":{"total":6,"covered":0,"skipped":0,"pct":0},"functions":{"total":1,"covered":0,"skipped":0,"pct":0},"statements":{"total":6,"covered":0,"skipped":0,"pct":0},"branches":{"total":6,"covered":0,"skipped":0,"pct":0}}
,"/app/src/types/audit.ts": {"lines":{"total":0,"covered":0,"skipped":0,"pct":100},"functions":{"total":0,"covered":0,"skipped":0,"pct":100},"statements":{"total":0,"covered":0,"skipped":0,"pct":100},"branches":{"total":0,"covered":0,"skipped":0,"pct":100}}
,"/app/src/types/auth.ts": {"lines":{"total":0,"covered":0,"skipped":0,"pct":100},"functions":{"total":0,"covered":0,"skipped":0,"pct":100},"statements":{"total":0,"covered":0,"skipped":0,"pct":100},"branches":{"total":0,"covered":0,"skipped":0,"pct":100}}
,"/app/src/types/hr.ts": {"lines":{"total":0,"covered":0,"skipped":0,"pct":100},"functions":{"total":0,"covered":0,"skipped":0,"pct":100},"statements":{"total":0,"covered":0,"skipped":0,"pct":100},"branches":{"total":0,"covered":0,"skipped":0,"pct":100}}
,"/app/src/types/organisation.ts": {"lines":{"total":0,"covered":0,"skipped":0,"pct":100},"functions":{"total":0,"covered":0,"skipped":0,"pct":100},"statements":{"total":0,"covered":0,"skipped":0,"pct":100},"branches":{"total":0,"covered":0,"skipped":0,"pct":100}}
}
